<?xml version="1.0" encoding="UTF-8"?>
<!-- Generated by org.testng.reporters.JUnitXMLReporter -->
<testsuite ignored="0" hostname="Snehal" failures="0" tests="5" name="Default test" time="46.34" errors="0" timestamp="2021-07-06T16:52:27 PDT">
  <testcase classname="DataProvider.DemoWebShop" name="login" time="9.246"/>
  <testcase classname="DataProvider.DemoWebShop" name="login" time="5.878"/>
  <testcase classname="DataProvider.DemoWebShop" name="login" time="7.556"/>
  <testcase classname="DataProvider.DemoWebShop" name="login" time="7.371"/>
  <testcase classname="DataProvider.DemoWebShop" name="login" time="7.341"/>
</testsuite> <!-- Default test -->
